TN:
SF:server/src/cobs/index.js
FN:3,encode
FN:13,finish
FN:41,decode
FN:64,encodeStream
FN:79,clonebuffer
FN:83,splitter
FN:106,decodeStream
FNF:7
FNH:3
FNDA:4,encode
FNDA:10,finish
FNDA:4,decode
FNDA:0,encodeStream
FNDA:0,clonebuffer
FNDA:0,splitter
FNDA:0,decodeStream
DA:1,1
DA:2,1
DA:3,4
DA:4,4
DA:5,4
DA:6,4
DA:7,4
DA:8,4
DA:9,0
DA:10,0
DA:11,0
DA:12,4
DA:13,4
DA:14,10
DA:15,10
DA:16,10
DA:17,10
DA:18,10
DA:19,4
DA:20,4
DA:21,263
DA:22,5
DA:23,263
DA:24,258
DA:25,258
DA:26,258
DA:27,1
DA:28,1
DA:29,258
DA:30,263
DA:31,4
DA:32,4
DA:33,4
DA:34,0
DA:35,0
DA:36,4
DA:37,4
DA:38,4
DA:39,1
DA:40,1
DA:41,4
DA:42,4
DA:43,4
DA:44,4
DA:45,4
DA:46,10
DA:47,10
DA:48,0
DA:49,0
DA:50,10
DA:51,258
DA:52,0
DA:53,0
DA:54,258
DA:55,258
DA:56,10
DA:57,5
DA:58,5
DA:59,10
DA:60,4
DA:61,4
DA:62,4
DA:63,1
DA:64,0
DA:65,0
DA:66,0
DA:67,0
DA:68,0
DA:69,0
DA:70,0
DA:71,0
DA:72,0
DA:73,0
DA:74,0
DA:75,0
DA:76,0
DA:77,0
DA:78,1
DA:79,0
DA:80,0
DA:81,0
DA:82,1
DA:83,0
DA:84,0
DA:85,0
DA:86,0
DA:87,0
DA:88,0
DA:89,0
DA:90,0
DA:91,0
DA:92,0
DA:93,0
DA:94,0
DA:95,0
DA:96,0
DA:97,0
DA:98,0
DA:99,0
DA:100,0
DA:101,0
DA:102,0
DA:103,0
DA:104,0
DA:105,1
DA:106,0
DA:107,0
DA:108,0
DA:109,0
DA:110,0
DA:111,0
DA:112,0
DA:113,0
DA:114,0
DA:115,0
DA:116,0
DA:117,0
DA:118,0
DA:119,0
DA:120,0
DA:121,0
DA:122,0
DA:123,1
DA:124,1
DA:125,1
DA:126,1
DA:127,1
DA:128,1
DA:129,1
DA:130,1
DA:131,1
DA:132,1
DA:133,1
DA:134,1
DA:135,1
DA:136,1
DA:137,1
DA:138,1
DA:139,1
DA:140,1
DA:141,1
DA:142,1
DA:143,1
DA:144,1
DA:145,1
DA:146,1
DA:147,1
DA:148,1
DA:149,1
DA:150,1
LF:150
LH:85
BRDA:3,0,0,4
BRDA:8,1,0,0
BRDA:20,2,0,263
BRDA:21,3,0,5
BRDA:23,4,0,258
BRDA:26,5,0,1
BRDA:33,6,0,0
BRDA:13,7,0,10
BRDA:16,8,0,6
BRDA:41,9,0,4
BRDA:45,10,0,10
BRDA:47,11,0,0
BRDA:50,12,0,258
BRDA:51,13,0,0
BRDA:56,14,0,9
BRDA:56,15,0,5
BRF:16
BRH:12
end_of_record
